  [1m[35m (341.0ms)[0m  [1m[35mCREATE DATABASE "song_features_api_development" ENCODING = 'unicode'[0m
  [1m[35m (258.4ms)[0m  [1m[35mCREATE DATABASE "song_features_api_test" ENCODING = 'unicode'[0m
Started GET "/tracks/search" for ::1 at 2019-08-15 19:59:23 -0600
  
SyntaxError (/Users/bartonw/sei/sei_projects/project_5/song_features_api/app/controllers/tracks_controller.rb:3: syntax error, unexpected '{', expecting keyword_end
    render :json {tracks: "testing the search"}
                 ^
/Users/bartonw/sei/sei_projects/project_5/song_features_api/app/controllers/tracks_controller.rb:3: syntax error, unexpected '}', expecting keyword_end
... {tracks: "testing the search"}
...                              ^):
  
app/controllers/tracks_controller.rb:3: syntax error, unexpected '{', expecting keyword_end
app/controllers/tracks_controller.rb:3: syntax error, unexpected '}', expecting keyword_end
app/controllers/tracks_controller.rb:3: syntax error, unexpected '{', expecting keyword_end
app/controllers/tracks_controller.rb:3: syntax error, unexpected '}', expecting keyword_end
Started GET "/tracks/search" for ::1 at 2019-08-15 19:59:39 -0600
  
SyntaxError (/Users/bartonw/sei/sei_projects/project_5/song_features_api/app/controllers/tracks_controller.rb:3: syntax error, unexpected '{', expecting keyword_end
    render :json {tracks: "testing the search"}...
                 ^
/Users/bartonw/sei/sei_projects/project_5/song_features_api/app/controllers/tracks_controller.rb:3: syntax error, unexpected '}', expecting keyword_end
... {tracks: "testing the search"}, status: 200
...                              ^):
  
app/controllers/tracks_controller.rb:3: syntax error, unexpected '{', expecting keyword_end
app/controllers/tracks_controller.rb:3: syntax error, unexpected '}', expecting keyword_end
app/controllers/tracks_controller.rb:3: syntax error, unexpected '{', expecting keyword_end
app/controllers/tracks_controller.rb:3: syntax error, unexpected '}', expecting keyword_end
Started GET "/tracks/search" for ::1 at 2019-08-15 19:59:58 -0600
Processing by TracksController#search as */*
[active_model_serializers] Rendered ActiveModel::Serializer::Null with Hash (0.08ms)
Completed 200 OK in 3ms (Views: 2.7ms | ActiveRecord: 0.0ms | Allocations: 740)


Started GET "/tracks/search?track=testing" for ::1 at 2019-08-15 20:00:55 -0600
Processing by TracksController#search as */*
  Parameters: {"track"=>"testing"}
[active_model_serializers] Rendered ActiveModel::Serializer::Null with Hash (0.06ms)
Completed 200 OK in 1ms (Views: 0.5ms | ActiveRecord: 0.0ms | Allocations: 387)


Started GET "/tracks/search?track=yoloswag" for ::1 at 2019-08-15 20:01:05 -0600
Processing by TracksController#search as */*
  Parameters: {"track"=>"yoloswag"}
[active_model_serializers] Rendered ActiveModel::Serializer::Null with Hash (0.06ms)
Completed 200 OK in 1ms (Views: 0.4ms | ActiveRecord: 0.0ms | Allocations: 224)


Started GET "/tracks/search?track=sorry" for ::1 at 2019-08-15 20:01:55 -0600
Processing by TracksController#search as */*
  Parameters: {"track"=>"sorry"}
Completed 500 Internal Server Error in 233ms (ActiveRecord: 0.0ms | Allocations: 55114)


  
NameError (undefined local variable or method `track' for #<TracksController:0x00007f7f153a0ef8>
Did you mean?  tracks
               trap):
  
app/controllers/tracks_controller.rb:5:in `search'
Started GET "/tracks/search?track=sorry" for ::1 at 2019-08-15 20:02:22 -0600
Processing by TracksController#search as */*
  Parameters: {"track"=>"sorry"}
[active_model_serializers] Rendered ActiveModel::Serializer::Null with Hash (28.33ms)
Completed 200 OK in 121ms (Views: 29.0ms | ActiveRecord: 0.0ms | Allocations: 56589)


Started GET "/tracks/features?id=test" for ::1 at 2019-08-15 20:08:08 -0600
Processing by TracksController#features as */*
  Parameters: {"id"=>"test"}
[active_model_serializers] Rendered ActiveModel::Serializer::Null with Hash (0.06ms)
Completed 200 OK in 1ms (Views: 0.5ms | ActiveRecord: 0.0ms | Allocations: 386)


Started GET "/tracks/features?id=6S2OmqARrzebs0tKUEyXyp" for ::1 at 2019-08-15 20:10:20 -0600
Processing by TracksController#features as */*
  Parameters: {"id"=>"6S2OmqARrzebs0tKUEyXyp"}
[active_model_serializers] Rendered ActiveModel::Serializer::Null with Hash (0.06ms)
Completed 200 OK in 1ms (Views: 0.4ms | ActiveRecord: 0.0ms | Allocations: 222)


Started GET "/tracks/features?id=6S2OmqARrzebs0tKUEyXyp" for ::1 at 2019-08-15 20:10:32 -0600
Processing by TracksController#features as */*
  Parameters: {"id"=>"6S2OmqARrzebs0tKUEyXyp"}
Completed 500 Internal Server Error in 75ms (ActiveRecord: 0.0ms | Allocations: 2376)


  
RestClient::NotFound (404 Not Found):
  
app/controllers/tracks_controller.rb:8:in `features'
Started GET "/tracks/features?id=6S2OmqARrzebs0tKUEyXyp" for ::1 at 2019-08-15 20:12:25 -0600
Processing by TracksController#features as */*
  Parameters: {"id"=>"6S2OmqARrzebs0tKUEyXyp"}
Completed 500 Internal Server Error in 1250ms (ActiveRecord: 0.0ms | Allocations: 4301)


  
RestClient::NotFound (404 Not Found):
  
app/controllers/tracks_controller.rb:9:in `features'
Started GET "/tracks/features?id=6S2OmqARrzebs0tKUEyXyp" for ::1 at 2019-08-15 20:14:45 -0600
  
SyntaxError (/Users/bartonw/sei/sei_projects/project_5/song_features_api/app/controllers/tracks_controller.rb:8: syntax error, unexpected tIDENTIFIER, expecting ')'
...aff5efd8d714241877edaaac5995a70, e722e640cd5047ada1c017e349f...
...^~~~~~~~~~~~~~~~~~~~~~~~~~~~~~~
/Users/bartonw/sei/sei_projects/project_5/song_features_api/app/controllers/tracks_controller.rb:8: syntax error, unexpected ')', expecting '='
...22e640cd5047ada1c017e349f6ade9)
...                              ^):
  
app/controllers/tracks_controller.rb:8: syntax error, unexpected tIDENTIFIER, expecting ')'
app/controllers/tracks_controller.rb:8: syntax error, unexpected ')', expecting '='
app/controllers/tracks_controller.rb:8: syntax error, unexpected tIDENTIFIER, expecting ')'
app/controllers/tracks_controller.rb:8: syntax error, unexpected ')', expecting '='
Started GET "/tracks/features?id=6S2OmqARrzebs0tKUEyXyp" for ::1 at 2019-08-15 20:15:37 -0600
Processing by TracksController#features as */*
  Parameters: {"id"=>"6S2OmqARrzebs0tKUEyXyp"}
Completed 500 Internal Server Error in 231ms (ActiveRecord: 0.0ms | Allocations: 4282)


  
RestClient::NotFound (404 Not Found):
  
app/controllers/tracks_controller.rb:9:in `features'
Started GET "/tracks/search?track=hello" for ::1 at 2019-08-15 20:16:50 -0600
Processing by TracksController#search as */*
  Parameters: {"track"=>"hello"}
[active_model_serializers] Rendered ActiveModel::Serializer::Null with Hash (19.75ms)
Completed 200 OK in 120ms (Views: 20.3ms | ActiveRecord: 0.0ms | Allocations: 59158)


Started GET "/tracks/features" for ::1 at 2019-08-15 20:17:36 -0600
Processing by TracksController#features as */*
Completed 500 Internal Server Error in 80ms (ActiveRecord: 0.0ms | Allocations: 2584)


  
RestClient::NotFound (404 Not Found):
  
app/controllers/tracks_controller.rb:9:in `features'
Started GET "/tracks/features?id=6S2OmqARrzebs0tKUEyXyp" for ::1 at 2019-08-15 20:20:54 -0600
Processing by TracksController#features as */*
  Parameters: {"id"=>"6S2OmqARrzebs0tKUEyXyp"}
[active_model_serializers] Rendered ActiveModel::Serializer::Null with Hash (0.06ms)
Completed 200 OK in 1ms (Views: 0.5ms | ActiveRecord: 0.0ms | Allocations: 388)


Started GET "/tracks/search?track=hello" for ::1 at 2019-08-15 20:22:37 -0600
Processing by TracksController#search as */*
  Parameters: {"track"=>"hello"}
[active_model_serializers] Rendered ActiveModel::Serializer::Null with Hash (0.91ms)
Completed 200 OK in 524ms (Views: 1.5ms | ActiveRecord: 0.0ms | Allocations: 10357)


Started GET "/tracks/search?track=hello" for ::1 at 2019-08-15 20:23:10 -0600
Processing by TracksController#search as */*
  Parameters: {"track"=>"hello"}
[active_model_serializers] Rendered ActiveModel::Serializer::Null with Hash (0.44ms)
Completed 200 OK in 174ms (Views: 1.1ms | ActiveRecord: 0.0ms | Allocations: 11939)


Started GET "/tracks/search" for ::1 at 2019-08-15 20:25:17 -0600
Processing by TracksController#search as */*
Completed 500 Internal Server Error in 197ms (ActiveRecord: 0.0ms | Allocations: 47389)


  
NameError (undefined local variable or method `track' for #<TracksController:0x00007f7f186659b0>
Did you mean?  tracks
               trap):
  
app/controllers/tracks_controller.rb:7:in `search'
Started GET "/tracks/search" for ::1 at 2019-08-15 20:25:26 -0600
Processing by TracksController#search as */*
[active_model_serializers] Rendered ActiveModel::Serializer::Null with Hash (0.97ms)
Completed 200 OK in 61ms (Views: 1.5ms | ActiveRecord: 0.0ms | Allocations: 4305)


Started GET "/tracks/features" for ::1 at 2019-08-15 20:26:06 -0600
Processing by TracksController#features as */*
[active_model_serializers] Rendered ActiveModel::Serializer::Null with Hash (0.83ms)
Completed 200 OK in 63ms (Views: 1.3ms | ActiveRecord: 0.0ms | Allocations: 4481)


Started GET "/tracks/search?track=better%20now" for ::1 at 2019-08-15 20:29:13 -0600
Processing by TracksController#search as */*
  Parameters: {"track"=>"better now"}
[active_model_serializers] Rendered ActiveModel::Serializer::Null with Hash (0.83ms)
Completed 200 OK in 165ms (Views: 1.2ms | ActiveRecord: 0.0ms | Allocations: 4362)


Started GET "/tracks/search?track=better%20now" for ::1 at 2019-08-15 20:29:41 -0600
Processing by TracksController#search as */*
  Parameters: {"track"=>"better now"}
[active_model_serializers] Rendered ActiveModel::Serializer::Null with Hash (0.79ms)
Completed 200 OK in 65ms (Views: 1.2ms | ActiveRecord: 0.0ms | Allocations: 4278)


Started GET "/tracks/search?track=better%20now" for ::1 at 2019-08-15 20:29:55 -0600
Processing by TracksController#search as */*
  Parameters: {"track"=>"better now"}
[active_model_serializers] Rendered ActiveModel::Serializer::Null with Hash (30.77ms)
Completed 200 OK in 166ms (Views: 31.4ms | ActiveRecord: 0.0ms | Allocations: 54184)


Started GET "/tracks/features" for ::1 at 2019-08-15 20:30:24 -0600
Processing by TracksController#features as */*
Completed 500 Internal Server Error in 87ms (ActiveRecord: 0.0ms | Allocations: 2331)


  
RestClient::NotFound (404 Not Found):
  
app/controllers/tracks_controller.rb:7:in `features'
Started GET "/tracks/features" for ::1 at 2019-08-15 20:31:35 -0600
Processing by TracksController#features as */*
[active_model_serializers] Rendered ActiveModel::Serializer::Null with Hash (1.21ms)
Completed 200 OK in 73ms (Views: 1.7ms | ActiveRecord: 0.0ms | Allocations: 5508)


Started GET "/tracks/features?id=6S2OmqARrzebs0tKUEyXyp" for ::1 at 2019-08-15 20:32:37 -0600
Processing by TracksController#features as */*
  Parameters: {"id"=>"6S2OmqARrzebs0tKUEyXyp"}
Completed 500 Internal Server Error in 53ms (ActiveRecord: 0.0ms | Allocations: 2353)


  
RestClient::NotFound (404 Not Found):
  
app/controllers/tracks_controller.rb:8:in `features'
Started GET "/tracks/features" for ::1 at 2019-08-15 20:33:18 -0600
Processing by TracksController#features as */*
[active_model_serializers] Rendered ActiveModel::Serializer::Null with Hash (1.18ms)
Completed 200 OK in 82ms (Views: 1.7ms | ActiveRecord: 0.0ms | Allocations: 5399)


Started GET "/tracks/features?id=7dt6x5M1jzdTEt8oCbisTK" for ::1 at 2019-08-15 20:33:42 -0600
Processing by TracksController#features as */*
  Parameters: {"id"=>"7dt6x5M1jzdTEt8oCbisTK"}
Completed 500 Internal Server Error in 167ms (ActiveRecord: 0.0ms | Allocations: 47414)


  
NameError (undefined local variable or method `tracks' for #<TracksController:0x00007f7f14a12f30>
Did you mean?  track):
  
app/controllers/tracks_controller.rb:9:in `features'
Started GET "/tracks/features?id=7dt6x5M1jzdTEt8oCbisTK" for ::1 at 2019-08-15 20:34:03 -0600
Processing by TracksController#features as */*
  Parameters: {"id"=>"7dt6x5M1jzdTEt8oCbisTK"}
[active_model_serializers] Rendered ActiveModel::Serializer::Null with Hash (0.27ms)
Completed 200 OK in 156ms (Views: 0.8ms | ActiveRecord: 0.0ms | Allocations: 5754)


Started GET "/tracks/features?id=7dt6x5M1jzdTEt8oCbisTK" for ::1 at 2019-08-15 20:36:37 -0600
Processing by TracksController#features as */*
  Parameters: {"id"=>"7dt6x5M1jzdTEt8oCbisTK"}
[active_model_serializers] Rendered ActiveModel::Serializer::Null with Hash (0.23ms)
Completed 200 OK in 311ms (Views: 0.7ms | ActiveRecord: 0.0ms | Allocations: 7779)


Started GET "/tracks/features?id=7dt6x5M1jzdTEt8oCbisTK" for ::1 at 2019-08-15 20:36:41 -0600
Processing by TracksController#features as */*
  Parameters: {"id"=>"7dt6x5M1jzdTEt8oCbisTK"}
[active_model_serializers] Rendered ActiveModel::Serializer::Null with Hash (0.25ms)
Completed 200 OK in 231ms (Views: 0.6ms | ActiveRecord: 0.0ms | Allocations: 7253)


Started GET "/tracks/search?track=better%20now" for ::1 at 2019-08-15 20:45:28 -0600
Processing by TracksController#search as */*
  Parameters: {"track"=>"better now"}
[active_model_serializers] Rendered ActiveModel::Serializer::Null with Hash (1.27ms)
Completed 200 OK in 117ms (Views: 2.0ms | ActiveRecord: 0.0ms | Allocations: 10795)


Started GET "/tracks/search?track=together%20we%20are%20the%20same" for ::1 at 2019-08-15 20:48:29 -0600
Processing by TracksController#search as */*
  Parameters: {"track"=>"together we are the same"}
[active_model_serializers] Rendered ActiveModel::Serializer::Null with Hash (10.51ms)
Completed 200 OK in 124ms (Views: 11.1ms | ActiveRecord: 0.0ms | Allocations: 22271)


Started GET "/tracks/features?id=3BOuDhHY8EIXiBTynWRn18" for ::1 at 2019-08-15 20:49:08 -0600
Processing by TracksController#features as */*
  Parameters: {"id"=>"3BOuDhHY8EIXiBTynWRn18"}
[active_model_serializers] Rendered ActiveModel::Serializer::Null with Hash (0.24ms)
Completed 200 OK in 129ms (Views: 0.6ms | ActiveRecord: 0.0ms | Allocations: 5439)


Started GET "/tracks/search?track=together%20we%20are%20the%20same" for ::1 at 2019-08-16 19:10:04 -0600
Processing by TracksController#search as */*
  Parameters: {"track"=>"together we are the same"}
[active_model_serializers] Rendered ActiveModel::Serializer::Null with Hash (12.89ms)
Completed 200 OK in 121ms (Views: 14.7ms | ActiveRecord: 0.0ms | Allocations: 24035)


Started GET "/tracks/search?track=together%20we%20are%20the%20same" for ::1 at 2019-08-16 19:12:07 -0600
Processing by TracksController#search as */*
  Parameters: {"track"=>"together we are the same"}
[active_model_serializers] Rendered ActiveModel::Serializer::Null with Hash (7.24ms)
Completed 200 OK in 419ms (Views: 7.9ms | ActiveRecord: 0.0ms | Allocations: 13875)


Started GET "/tracks/search?track=together%20we%20are%20the%20same" for ::1 at 2019-08-16 19:13:10 -0600
Processing by TracksController#search as */*
  Parameters: {"track"=>"together we are the same"}
[active_model_serializers] Rendered ActiveModel::Serializer::Null with Hash (5.84ms)
Completed 200 OK in 133ms (Views: 6.6ms | ActiveRecord: 0.0ms | Allocations: 13776)


Started GET "/tracks/search?track=together%20we%20are%20the%20same" for ::1 at 2019-08-16 19:14:05 -0600
  
SyntaxError (/Users/bartonw/sei/sei_projects/project_5/song_features_api/app/controllers/tracks_controller.rb:4: syntax error, unexpected '}', expecting =>
    render json: {tracks}, status: 200
                        ^):
  
app/controllers/tracks_controller.rb:4: syntax error, unexpected '}', expecting =>
app/controllers/tracks_controller.rb:4: syntax error, unexpected '}', expecting =>
Started GET "/tracks/search?track=together%20we%20are%20the%20same" for ::1 at 2019-08-16 19:14:23 -0600
Processing by TracksController#search as */*
  Parameters: {"track"=>"together we are the same"}
No serializer found for resource: #<RSpotify::Track:0x00007ff5c29c8e38 @available_markets=nil, @disc_number=1, @duration_ms=207728, @explicit=false, @external_ids={"isrc"=>"UST8K1805835"}, @uri="spotify:track:3BOuDhHY8EIXiBTynWRn18", @name="Together We Are the Same", @popularity=3, @preview_url="https://p.scdn.co/mp3-preview/71aaa443465839cf252a9667b94890e692ad8df8?cid=9aff5efd8d714241877edaaac5995a70", @track_number=1, @played_at=nil, @context_type=nil, @is_playable=true, @album=#<RSpotify::Album:0x00007ff5c29c8e10 @album_type="single", @available_markets=nil, @copyrights=nil, @external_ids=nil, @genres=nil, @images=[{"height"=>640, "url"=>"https://i.scdn.co/image/f9aa27e9cc7f92f97830a45253e9a50809f75300", "width"=>640}, {"height"=>300, "url"=>"https://i.scdn.co/image/cb73ee56e0ea08bf4d2c67cc9ed3d39d92d95f06", "width"=>300}, {"height"=>64, "url"=>"https://i.scdn.co/image/9c514bf1936050a3ecf8306955b7f30ab68fadbd", "width"=>64}], @label=nil, @name="Together We Are the Same", @popularity=nil, @release_date="2018-09-28", @release_date_precision="day", @artists=[#<RSpotify::Artist:0x00007ff5c29c8dc0 @followers=nil, @genres=nil, @images=nil, @name="AMZY", @popularity=nil, @top_tracks={}, @external_urls={"spotify"=>"https://open.spotify.com/artist/4lImU1wXmiEwHOzTGlftIM"}, @href="https://api.spotify.com/v1/artists/4lImU1wXmiEwHOzTGlftIM", @id="4lImU1wXmiEwHOzTGlftIM", @type="artist", @uri="spotify:artist:4lImU1wXmiEwHOzTGlftIM">], @tracks_cache=nil, @total_tracks=nil, @external_urls={"spotify"=>"https://open.spotify.com/album/5gHL4x4UAO1nmqhp6DvT9Q"}, @href="https://api.spotify.com/v1/albums/5gHL4x4UAO1nmqhp6DvT9Q", @id="5gHL4x4UAO1nmqhp6DvT9Q", @type="album", @uri="spotify:album:5gHL4x4UAO1nmqhp6DvT9Q">, @artists=[#<RSpotify::Artist:0x00007ff5c29c8d20 @followers=nil, @genres=nil, @images=nil, @name="AMZY", @popularity=nil, @top_tracks={}, @external_urls={"spotify"=>"https://open.spotify.com/artist/4lImU1wXmiEwHOzTGlftIM"}, @href="https://api.spotify.com/v1/artists/4lImU1wXmiEwHOzTGlftIM", @id="4lImU1wXmiEwHOzTGlftIM", @type="artist", @uri="spotify:artist:4lImU1wXmiEwHOzTGlftIM">], @linked_from=nil, @external_urls={"spotify"=>"https://open.spotify.com/track/3BOuDhHY8EIXiBTynWRn18"}, @href="https://api.spotify.com/v1/tracks/3BOuDhHY8EIXiBTynWRn18", @id="3BOuDhHY8EIXiBTynWRn18", @type="track">
[active_model_serializers] Rendered ActiveModel::Serializer::CollectionSerializer with Array (5.56ms)
Completed 200 OK in 112ms (Views: 8.5ms | ActiveRecord: 0.0ms | Allocations: 14433)


Started GET "/tracks/search?track=together%20we%20are%20the%20same" for ::1 at 2019-08-16 19:22:07 -0600
Processing by TracksController#search as */*
  Parameters: {"track"=>"together we are the same"}
[active_model_serializers] Rendered ActiveModel::Serializer::Null with RSpotify::Track (0.63ms)
Completed 200 OK in 89ms (Views: 1.1ms | ActiveRecord: 0.0ms | Allocations: 5134)


Started GET "/tracks/search?track=together%20we%20are%20the%20same" for ::1 at 2019-08-16 19:31:31 -0600
Processing by TracksController#search as */*
  Parameters: {"track"=>"together we are the same"}
No serializer found for resource: #<RSpotify::Track:0x00007ff5c01cb5c0 @available_markets=nil, @disc_number=1, @duration_ms=207728, @explicit=false, @external_ids={"isrc"=>"UST8K1805835"}, @uri="spotify:track:3BOuDhHY8EIXiBTynWRn18", @name="Together We Are the Same", @popularity=3, @preview_url="https://p.scdn.co/mp3-preview/71aaa443465839cf252a9667b94890e692ad8df8?cid=9aff5efd8d714241877edaaac5995a70", @track_number=1, @played_at=nil, @context_type=nil, @is_playable=true, @album=#<RSpotify::Album:0x00007ff5c01cb0c0 @album_type="single", @available_markets=nil, @copyrights=nil, @external_ids=nil, @genres=nil, @images=[{"height"=>640, "url"=>"https://i.scdn.co/image/f9aa27e9cc7f92f97830a45253e9a50809f75300", "width"=>640}, {"height"=>300, "url"=>"https://i.scdn.co/image/cb73ee56e0ea08bf4d2c67cc9ed3d39d92d95f06", "width"=>300}, {"height"=>64, "url"=>"https://i.scdn.co/image/9c514bf1936050a3ecf8306955b7f30ab68fadbd", "width"=>64}], @label=nil, @name="Together We Are the Same", @popularity=nil, @release_date="2018-09-28", @release_date_precision="day", @artists=[#<RSpotify::Artist:0x00007ff5c01cabc0 @followers=nil, @genres=nil, @images=nil, @name="AMZY", @popularity=nil, @top_tracks={}, @external_urls={"spotify"=>"https://open.spotify.com/artist/4lImU1wXmiEwHOzTGlftIM"}, @href="https://api.spotify.com/v1/artists/4lImU1wXmiEwHOzTGlftIM", @id="4lImU1wXmiEwHOzTGlftIM", @type="artist", @uri="spotify:artist:4lImU1wXmiEwHOzTGlftIM">], @tracks_cache=nil, @total_tracks=nil, @external_urls={"spotify"=>"https://open.spotify.com/album/5gHL4x4UAO1nmqhp6DvT9Q"}, @href="https://api.spotify.com/v1/albums/5gHL4x4UAO1nmqhp6DvT9Q", @id="5gHL4x4UAO1nmqhp6DvT9Q", @type="album", @uri="spotify:album:5gHL4x4UAO1nmqhp6DvT9Q">, @artists=[#<RSpotify::Artist:0x00007ff5c01c9fe0 @followers=nil, @genres=nil, @images=nil, @name="AMZY", @popularity=nil, @top_tracks={}, @external_urls={"spotify"=>"https://open.spotify.com/artist/4lImU1wXmiEwHOzTGlftIM"}, @href="https://api.spotify.com/v1/artists/4lImU1wXmiEwHOzTGlftIM", @id="4lImU1wXmiEwHOzTGlftIM", @type="artist", @uri="spotify:artist:4lImU1wXmiEwHOzTGlftIM">], @linked_from=nil, @external_urls={"spotify"=>"https://open.spotify.com/track/3BOuDhHY8EIXiBTynWRn18"}, @href="https://api.spotify.com/v1/tracks/3BOuDhHY8EIXiBTynWRn18", @id="3BOuDhHY8EIXiBTynWRn18", @type="track">
[active_model_serializers] Rendered ActiveModel::Serializer::CollectionSerializer with Array (7.62ms)
Completed 200 OK in 101ms (Views: 8.8ms | ActiveRecord: 0.0ms | Allocations: 13912)


Started GET "/tracks/search?track=together%20we%20are%20the%20same" for ::1 at 2019-08-16 19:39:03 -0600
Processing by TracksController#search as */*
  Parameters: {"track"=>"together we are the same"}
[active_model_serializers] Rendered ActiveModel::Serializer::Null with Hash (1.06ms)
Completed 200 OK in 113ms (Views: 1.7ms | ActiveRecord: 0.0ms | Allocations: 5042)


Started GET "/tracks/search?track=together%20we%20are%20the%20same" for ::1 at 2019-08-17 08:38:03 -0600
Processing by TracksController#search as */*
  Parameters: {"track"=>"together we are the same"}
Completed 500 Internal Server Error in 374ms (ActiveRecord: 0.0ms | Allocations: 8624)


  
TypeError (no implicit conversion of RSpotify::Track into String):
  
app/controllers/tracks_controller.rb:3:in `search'
Started GET "/tracks/search?track=old%20town%20road" for ::1 at 2019-08-17 09:22:38 -0600
Processing by TracksController#search as */*
  Parameters: {"track"=>"old town road"}
[active_model_serializers] Rendered ActiveModel::Serializer::Null with Hash (7.6ms)
Completed 200 OK in 115ms (Views: 8.1ms | ActiveRecord: 0.0ms | Allocations: 20179)


Started GET "/tracks/features?id=2YpeDb67231RjR0MgVLzsG" for ::1 at 2019-08-17 09:23:39 -0600
Processing by TracksController#features as */*
  Parameters: {"id"=>"2YpeDb67231RjR0MgVLzsG"}
[active_model_serializers] Rendered ActiveModel::Serializer::Null with Hash (0.26ms)
Completed 200 OK in 136ms (Views: 0.6ms | ActiveRecord: 0.0ms | Allocations: 8181)


Started GET "/tracks/search?track=old%20town%20road" for ::1 at 2019-08-17 09:43:44 -0600
Processing by TracksController#search as */*
  Parameters: {"track"=>"old town road"}
[active_model_serializers] Rendered ActiveModel::Serializer::Null with Hash (0.08ms)
Completed 200 OK in 280ms (Views: 0.6ms | ActiveRecord: 0.0ms | Allocations: 8588)


Started GET "/tracks/search?track=old%20town%20road" for ::1 at 2019-08-17 09:58:44 -0600
Processing by TracksController#search as */*
  Parameters: {"track"=>"old town road"}
[active_model_serializers] Rendered ActiveModel::Serializer::Null with Hash (0.09ms)
Completed 500 Internal Server Error in 79ms (Views: 0.7ms | ActiveRecord: 0.0ms | Allocations: 4661)


  
NameError (`@[]' is not allowed as an instance variable name):
  
app/controllers/tracks_controller.rb:8:in `block in search'
app/controllers/tracks_controller.rb:6:in `each'
app/controllers/tracks_controller.rb:6:in `search'
Started GET "/tracks/search?track=old%20town%20road" for ::1 at 2019-08-17 09:59:46 -0600
Processing by TracksController#search as */*
  Parameters: {"track"=>"old town road"}
[active_model_serializers] Rendered ActiveModel::Serializer::Null with Hash (0.07ms)
Completed 500 Internal Server Error in 178ms (Views: 0.6ms | ActiveRecord: 0.0ms | Allocations: 49474)


  
NameError (undefined local variable or method `tracks_filtered' for #<TracksController:0x00007ff5c2a48020>
Did you mean?  @tracks_filtered):
  
app/controllers/tracks_controller.rb:7:in `block in search'
app/controllers/tracks_controller.rb:6:in `each'
app/controllers/tracks_controller.rb:6:in `search'
Started GET "/tracks/search?track=old%20town%20road" for ::1 at 2019-08-17 09:59:56 -0600
Processing by TracksController#search as */*
  Parameters: {"track"=>"old town road"}
[active_model_serializers] Rendered ActiveModel::Serializer::Null with Hash (0.06ms)
Completed 500 Internal Server Error in 176ms (Views: 0.5ms | ActiveRecord: 0.0ms | Allocations: 49250)


  
NameError (undefined local variable or method `tracks_filtered' for #<TracksController:0x00007ff5c2bb1330>
Did you mean?  @tracks_filtered):
  
app/controllers/tracks_controller.rb:7:in `block in search'
app/controllers/tracks_controller.rb:6:in `each'
app/controllers/tracks_controller.rb:6:in `search'
Started GET "/tracks/search?track=old%20town%20road" for ::1 at 2019-08-17 10:00:04 -0600
Processing by TracksController#search as */*
  Parameters: {"track"=>"old town road"}
[active_model_serializers] Rendered ActiveModel::Serializer::Null with Hash (0.07ms)
Completed 500 Internal Server Error in 64ms (Views: 0.6ms | ActiveRecord: 0.0ms | Allocations: 4591)


  
NameError (`@[]' is not allowed as an instance variable name):
  
app/controllers/tracks_controller.rb:8:in `block in search'
app/controllers/tracks_controller.rb:6:in `each'
app/controllers/tracks_controller.rb:6:in `search'
Started GET "/tracks/search?track=old%20town%20road" for ::1 at 2019-08-17 10:00:15 -0600
Processing by TracksController#search as */*
  Parameters: {"track"=>"old town road"}
[active_model_serializers] Rendered ActiveModel::Serializer::Null with Hash (0.1ms)
Completed 500 Internal Server Error in 68ms (Views: 1.1ms | ActiveRecord: 0.0ms | Allocations: 4811)


  
NameError (`@[]' is not allowed as an instance variable name):
  
app/controllers/tracks_controller.rb:8:in `block in search'
app/controllers/tracks_controller.rb:6:in `each'
app/controllers/tracks_controller.rb:6:in `search'
Started GET "/tracks/search?track=old%20town%20road" for ::1 at 2019-08-17 10:01:11 -0600
Processing by TracksController#search as */*
  Parameters: {"track"=>"old town road"}
[active_model_serializers] Rendered ActiveModel::Serializer::Null with Hash (0.07ms)
Completed 500 Internal Server Error in 74ms (Views: 0.6ms | ActiveRecord: 0.0ms | Allocations: 4537)


  
AbstractController::DoubleRenderError (Render and/or redirect were called multiple times in this action. Please note that you may only call render OR redirect, and at most once per action. Also note that neither redirect nor render terminate execution of the action, so if you want to exit an action after redirecting, you need to do something like "redirect_to(...) and return".):
  
app/controllers/tracks_controller.rb:11:in `search'
Started GET "/tracks/search?track=old%20town%20road" for ::1 at 2019-08-17 10:01:22 -0600
Processing by TracksController#search as */*
  Parameters: {"track"=>"old town road"}
[active_model_serializers] Rendered ActiveModel::Serializer::Null with Hash (12.16ms)
Completed 200 OK in 104ms (Views: 12.7ms | ActiveRecord: 0.0ms | Allocations: 20324)


Started GET "/tracks/search?track=old%20town%20road" for ::1 at 2019-08-17 10:01:41 -0600
Processing by TracksController#search as */*
  Parameters: {"track"=>"old town road"}
Completed 500 Internal Server Error in 81ms (ActiveRecord: 0.0ms | Allocations: 4416)


  
NameError (`@[]' is not allowed as an instance variable name):
  
app/controllers/tracks_controller.rb:8:in `block in search'
app/controllers/tracks_controller.rb:6:in `each'
app/controllers/tracks_controller.rb:6:in `search'
Started GET "/tracks/search?track=old%20town%20road" for ::1 at 2019-08-17 10:03:43 -0600
Processing by TracksController#search as */*
  Parameters: {"track"=>"old town road"}
Completed 500 Internal Server Error in 157ms (ActiveRecord: 0.0ms | Allocations: 49231)


  
NameError (undefined local variable or method `tracks_filtered' for #<TracksController:0x00007ff5c29211d8>):
  
app/controllers/tracks_controller.rb:7:in `block in search'
app/controllers/tracks_controller.rb:6:in `each'
app/controllers/tracks_controller.rb:6:in `search'
Started GET "/tracks/search?track=old%20town%20road" for ::1 at 2019-08-17 10:04:03 -0600
Processing by TracksController#search as */*
  Parameters: {"track"=>"old town road"}
Completed 500 Internal Server Error in 92ms (ActiveRecord: 0.0ms | Allocations: 4458)


  
NameError (`@[]' is not allowed as an instance variable name):
  
app/controllers/tracks_controller.rb:8:in `block in search'
app/controllers/tracks_controller.rb:6:in `each'
app/controllers/tracks_controller.rb:6:in `search'
Started GET "/tracks/search?track=old%20town%20road" for ::1 at 2019-08-17 10:07:28 -0600
  
SyntaxError (/Users/bartonw/sei/sei_projects/project_5/song_features_api/app/controllers/tracks_controller.rb:10: syntax error, unexpected ')', expecting keyword_end
      )
      ^):
  
app/controllers/tracks_controller.rb:10: syntax error, unexpected ')', expecting keyword_end
app/controllers/tracks_controller.rb:10: syntax error, unexpected ')', expecting keyword_end
Started GET "/tracks/search?track=old%20town%20road" for ::1 at 2019-08-17 10:07:42 -0600
Processing by TracksController#search as */*
  Parameters: {"track"=>"old town road"}
Completed 500 Internal Server Error in 135ms (ActiveRecord: 0.0ms | Allocations: 4436)


  
NameError (`@[]' is not allowed as an instance variable name):
  
app/controllers/tracks_controller.rb:9:in `block in search'
app/controllers/tracks_controller.rb:6:in `each'
app/controllers/tracks_controller.rb:6:in `search'
Started GET "/tracks/search?track=old%20town%20road" for ::1 at 2019-08-17 10:08:42 -0600
Processing by TracksController#search as */*
  Parameters: {"track"=>"old town road"}
[active_model_serializers] Rendered ActiveModel::Serializer::Null with Hash (11.77ms)
Completed 200 OK in 84ms (Views: 12.3ms | ActiveRecord: 0.0ms | Allocations: 20307)


Started GET "/tracks/search?track=old%20town%20road" for ::1 at 2019-08-17 10:09:43 -0600
Processing by TracksController#search as */*
  Parameters: {"track"=>"old town road"}
[active_model_serializers] Rendered ActiveModel::Serializer::Null with Hash (8.08ms)
Completed 200 OK in 82ms (Views: 8.7ms | ActiveRecord: 0.0ms | Allocations: 19920)


Started GET "/tracks/search?track=old%20town%20road" for ::1 at 2019-08-17 10:11:02 -0600
Processing by TracksController#search as */*
  Parameters: {"track"=>"old town road"}
Completed 500 Internal Server Error in 72ms (ActiveRecord: 0.0ms | Allocations: 4402)


  
NameError (`@[]' is not allowed as an instance variable name):
  
app/controllers/tracks_controller.rb:9:in `block in search'
app/controllers/tracks_controller.rb:6:in `each'
app/controllers/tracks_controller.rb:6:in `search'
Started GET "/tracks/search?track=old%20town%20road" for ::1 at 2019-08-17 10:11:41 -0600
Processing by TracksController#search as */*
  Parameters: {"track"=>"old town road"}
[active_model_serializers] Rendered ActiveModel::Serializer::Null with Hash (10.45ms)
Completed 200 OK in 92ms (Views: 11.1ms | ActiveRecord: 0.0ms | Allocations: 20232)


Started GET "/tracks/search?track=old%20town%20road" for ::1 at 2019-08-17 10:12:53 -0600
Processing by TracksController#search as */*
  Parameters: {"track"=>"old town road"}
[active_model_serializers] Rendered ActiveModel::Serializer::Null with Hash (11.08ms)
Completed 200 OK in 84ms (Views: 11.6ms | ActiveRecord: 0.0ms | Allocations: 20175)


Started GET "/tracks/search?track=old%20town%20road" for ::1 at 2019-08-17 10:13:37 -0600
Processing by TracksController#search as */*
  Parameters: {"track"=>"old town road"}
[active_model_serializers] Rendered ActiveModel::Serializer::Null with Hash (12.74ms)
Completed 200 OK in 92ms (Views: 13.4ms | ActiveRecord: 0.0ms | Allocations: 20246)


Started GET "/tracks/search?track=old%20town%20road" for ::1 at 2019-08-17 10:13:59 -0600
Processing by TracksController#search as */*
  Parameters: {"track"=>"old town road"}
Completed 500 Internal Server Error in 64ms (ActiveRecord: 0.0ms | Allocations: 4603)


  
NameError (`@[]' is not allowed as an instance variable name):
  
app/controllers/tracks_controller.rb:9:in `block in search'
app/controllers/tracks_controller.rb:6:in `each'
app/controllers/tracks_controller.rb:6:in `search'
Started GET "/tracks/search?track=old%20town%20road" for ::1 at 2019-08-17 10:17:02 -0600
Processing by TracksController#search as */*
  Parameters: {"track"=>"old town road"}
[active_model_serializers] Rendered ActiveModel::Serializer::Null with Hash (12.01ms)
Completed 200 OK in 85ms (Views: 12.6ms | ActiveRecord: 0.0ms | Allocations: 20131)


Started GET "/tracks/search?track=old%20town%20road" for ::1 at 2019-08-17 10:17:27 -0600
Processing by TracksController#search as */*
  Parameters: {"track"=>"old town road"}
[active_model_serializers] Rendered ActiveModel::Serializer::Null with Hash (10.95ms)
Completed 200 OK in 628ms (Views: 11.5ms | ActiveRecord: 0.0ms | Allocations: 20244)


Started GET "/tracks/search?track=old%20town%20road" for ::1 at 2019-08-17 10:20:15 -0600
Processing by TracksController#search as */*
  Parameters: {"track"=>"old town road"}
[active_model_serializers] Rendered ActiveModel::Serializer::Null with Hash (7.21ms)
Completed 200 OK in 1098ms (Views: 7.7ms | ActiveRecord: 0.0ms | Allocations: 20292)


Started GET "/tracks/search?track=old%20town%20road" for ::1 at 2019-08-17 10:20:55 -0600
Processing by TracksController#search as */*
  Parameters: {"track"=>"old town road"}
[active_model_serializers] Rendered ActiveModel::Serializer::Null with Hash (0.09ms)
Completed 200 OK in 92ms (Views: 0.7ms | ActiveRecord: 0.0ms | Allocations: 4168)


Started GET "/tracks/search?track=old%20town%20road" for ::1 at 2019-08-17 10:21:30 -0600
Processing by TracksController#search as */*
  Parameters: {"track"=>"old town road"}
Completed 500 Internal Server Error in 254ms (ActiveRecord: 0.0ms | Allocations: 3926)


  
TypeError (no implicit conversion of Symbol into Integer):
  
app/controllers/tracks_controller.rb:17:in `[]'
app/controllers/tracks_controller.rb:17:in `search'
Started GET "/tracks/search?track=old%20town%20road" for ::1 at 2019-08-17 10:22:09 -0600
Processing by TracksController#search as */*
  Parameters: {"track"=>"old town road"}
Completed 500 Internal Server Error in 100ms (ActiveRecord: 0.0ms | Allocations: 4470)


  
NameError (`@[]' is not allowed as an instance variable name):
  
app/controllers/tracks_controller.rb:17:in `search'
Started GET "/tracks/search?track=old%20town%20road" for ::1 at 2019-08-17 10:22:56 -0600
Processing by TracksController#search as */*
  Parameters: {"track"=>"old town road"}
[active_model_serializers] Rendered ActiveModel::Serializer::Null with Hash (9.49ms)
Completed 200 OK in 283ms (Views: 10.0ms | ActiveRecord: 0.0ms | Allocations: 19837)


Started GET "/tracks/search?track=old%20town%20road" for ::1 at 2019-08-17 10:23:31 -0600
Processing by TracksController#search as */*
  Parameters: {"track"=>"old town road"}
[active_model_serializers] Rendered ActiveModel::Serializer::Null with Hash (9.83ms)
Completed 200 OK in 86ms (Views: 10.5ms | ActiveRecord: 0.0ms | Allocations: 20249)


Started GET "/tracks/search?track=old%20town%20road" for ::1 at 2019-08-17 10:23:47 -0600
Processing by TracksController#search as */*
  Parameters: {"track"=>"old town road"}
[active_model_serializers] Rendered ActiveModel::Serializer::Null with Hash (7.66ms)
Completed 200 OK in 150ms (Views: 8.3ms | ActiveRecord: 0.0ms | Allocations: 20368)


Started GET "/tracks/search?track=old%20town%20road" for ::1 at 2019-08-17 10:24:08 -0600
Processing by TracksController#search as */*
  Parameters: {"track"=>"old town road"}
[active_model_serializers] Rendered ActiveModel::Serializer::Null with Hash (10.44ms)
Completed 200 OK in 109ms (Views: 11.0ms | ActiveRecord: 0.0ms | Allocations: 19955)


Started GET "/tracks/search?track=old%20town%20road" for ::1 at 2019-08-17 10:24:37 -0600
Processing by TracksController#search as */*
  Parameters: {"track"=>"old town road"}
[active_model_serializers] Rendered ActiveModel::Serializer::Null with Hash (7.55ms)
Completed 200 OK in 78ms (Views: 8.1ms | ActiveRecord: 0.0ms | Allocations: 19962)


Started GET "/tracks/search?track=old%20town%20road" for ::1 at 2019-08-17 10:25:00 -0600
Processing by TracksController#search as */*
  Parameters: {"track"=>"old town road"}
[active_model_serializers] Rendered ActiveModel::Serializer::Null with Hash (0.06ms)
Completed 200 OK in 91ms (Views: 0.6ms | ActiveRecord: 0.0ms | Allocations: 4302)


Started GET "/tracks/search?track=old%20town%20road" for ::1 at 2019-08-17 10:25:35 -0600
Processing by TracksController#search as */*
  Parameters: {"track"=>"old town road"}
Completed 500 Internal Server Error in 88ms (ActiveRecord: 0.0ms | Allocations: 5949)


  
NoMethodError (undefined method `gsub!' for #<Array:0x00007ff5c09ab5b0>):
  
app/controllers/tracks_controller.rb:5:in `search'
Started GET "/tracks/search?track=old%20town%20road" for ::1 at 2019-08-17 10:26:04 -0600
Processing by TracksController#search as */*
  Parameters: {"track"=>"old town road"}
[active_model_serializers] Rendered ActiveModel::Serializer::Null with Hash (0.09ms)
Completed 200 OK in 204ms (Views: 0.7ms | ActiveRecord: 0.0ms | Allocations: 4546)


Started GET "/tracks/search?track=old%20town%20road" for ::1 at 2019-08-17 10:26:45 -0600
Processing by TracksController#search as */*
  Parameters: {"track"=>"old town road"}
[active_model_serializers] Rendered ActiveModel::Serializer::Null with Hash (0.07ms)
Completed 200 OK in 139ms (Views: 0.6ms | ActiveRecord: 0.0ms | Allocations: 4294)


Started GET "/tracks/search?track=old%20town%20road" for ::1 at 2019-08-17 10:33:40 -0600
Processing by TracksController#search as */*
  Parameters: {"track"=>"old town road"}
[active_model_serializers] Rendered ActiveModel::Serializer::Null with Hash (7.57ms)
Completed 200 OK in 91ms (Views: 8.1ms | ActiveRecord: 0.0ms | Allocations: 20300)


Started GET "/tracks/search?track=old%20town%20road" for ::1 at 2019-08-17 10:37:04 -0600
Processing by TracksController#search as */*
  Parameters: {"track"=>"old town road"}
Completed 500 Internal Server Error in 169ms (ActiveRecord: 0.0ms | Allocations: 4623)


  
NoMethodError (undefined method `each' for #<RSpotify::Track:0x00007ff5bf1c5c48>):
  
app/controllers/tracks_controller.rb:5:in `search'
Started GET "/tracks/search?track=old%20town%20road" for ::1 at 2019-08-17 10:37:27 -0600
Processing by TracksController#search as */*
  Parameters: {"track"=>"old town road"}
[active_model_serializers] Rendered ActiveModel::Serializer::Null with Hash (7.99ms)
Completed 200 OK in 75ms (Views: 8.6ms | ActiveRecord: 0.0ms | Allocations: 20268)


Started GET "/tracks/search?track=old%20town%20road" for ::1 at 2019-08-17 10:37:38 -0600
Processing by TracksController#search as */*
  Parameters: {"track"=>"old town road"}
Completed 500 Internal Server Error in 97ms (ActiveRecord: 0.0ms | Allocations: 4651)


  
NoMethodError (undefined method `ablum' for #<RSpotify::Track:0x00007ff5bf2ae060>):
  
app/controllers/tracks_controller.rb:6:in `block in search'
app/controllers/tracks_controller.rb:5:in `each'
app/controllers/tracks_controller.rb:5:in `search'
Started GET "/tracks/search?track=old%20town%20road" for ::1 at 2019-08-17 10:38:38 -0600
Processing by TracksController#search as */*
  Parameters: {"track"=>"old town road"}
Completed 500 Internal Server Error in 117ms (ActiveRecord: 0.0ms | Allocations: 4416)


  
NameError (`@[]' is not allowed as an instance variable name):
  
app/controllers/tracks_controller.rb:6:in `block in search'
app/controllers/tracks_controller.rb:5:in `each'
app/controllers/tracks_controller.rb:5:in `search'
Started GET "/tracks/search?track=old%20town%20road" for ::1 at 2019-08-17 10:40:53 -0600
Processing by TracksController#search as */*
  Parameters: {"track"=>"old town road"}
Completed 500 Internal Server Error in 77ms (ActiveRecord: 0.0ms | Allocations: 4372)


  
NoMethodError (undefined method `attributes' for #<RSpotify::Track:0x00007ff5c2b21690>):
  
app/controllers/tracks_controller.rb:6:in `block in search'
app/controllers/tracks_controller.rb:5:in `each'
app/controllers/tracks_controller.rb:5:in `search'
Started GET "/tracks/search?track=old%20town%20road" for ::1 at 2019-08-17 10:43:14 -0600
Processing by TracksController#search as */*
  Parameters: {"track"=>"old town road"}
[active_model_serializers] Rendered ActiveModel::Serializer::Null with Hash (7.19ms)
Completed 200 OK in 95ms (Views: 7.7ms | ActiveRecord: 0.0ms | Allocations: 20127)


Started GET "/tracks/search?track=old%20town%20road" for ::1 at 2019-08-17 10:45:41 -0600
Processing by TracksController#search as */*
  Parameters: {"track"=>"old town road"}
Completed 500 Internal Server Error in 1451ms (ActiveRecord: 0.0ms | Allocations: 8664)


  
NoMethodError (undefined method `artist' for #<RSpotify::Track:0x00007ff5be1ca000>):
  
app/controllers/tracks_controller.rb:6:in `block in search'
app/controllers/tracks_controller.rb:5:in `each'
app/controllers/tracks_controller.rb:5:in `search'
Started GET "/tracks/search?track=old%20town%20road" for ::1 at 2019-08-17 10:46:28 -0600
Processing by TracksController#search as */*
  Parameters: {"track"=>"old town road"}
Completed 500 Internal Server Error in 219ms (ActiveRecord: 0.0ms | Allocations: 49312)


  
NameError (undefined local variable or method `artist' for #<TracksController:0x00007ff5bfc73a78>):
  
app/controllers/tracks_controller.rb:6:in `block in search'
app/controllers/tracks_controller.rb:5:in `each'
app/controllers/tracks_controller.rb:5:in `search'
Started GET "/tracks/search?track=old%20town%20road" for ::1 at 2019-08-17 10:47:18 -0600
Processing by TracksController#search as */*
  Parameters: {"track"=>"old town road"}
[active_model_serializers] Rendered ActiveModel::Serializer::Null with Hash (14.0ms)
Completed 200 OK in 124ms (Views: 14.5ms | ActiveRecord: 0.0ms | Allocations: 20174)


Started GET "/tracks/search?track=old%20town%20road" for ::1 at 2019-08-17 10:47:42 -0600
Processing by TracksController#search as */*
  Parameters: {"track"=>"old town road"}
[active_model_serializers] Rendered ActiveModel::Serializer::Null with Hash (8.5ms)
Completed 200 OK in 1269ms (Views: 9.2ms | ActiveRecord: 0.0ms | Allocations: 20247)


Started GET "/tracks/search?track=old%20town%20road" for ::1 at 2019-08-17 10:49:05 -0600
Processing by TracksController#search as */*
  Parameters: {"track"=>"old town road"}
[active_model_serializers] Rendered ActiveModel::Serializer::Null with Hash (7.52ms)
Completed 200 OK in 186ms (Views: 8.1ms | ActiveRecord: 0.0ms | Allocations: 21521)


Started GET "/tracks/search?track=old%20town%20road" for ::1 at 2019-08-17 10:50:42 -0600
Processing by TracksController#search as */*
  Parameters: {"track"=>"old town road"}
[active_model_serializers] Rendered ActiveModel::Serializer::Null with Hash (10.81ms)
Completed 200 OK in 117ms (Views: 11.4ms | ActiveRecord: 0.0ms | Allocations: 20338)


Started GET "/tracks/search?track=old%20town%20road" for ::1 at 2019-08-17 10:50:53 -0600
Processing by TracksController#search as */*
  Parameters: {"track"=>"old town road"}
Completed 500 Internal Server Error in 110ms (ActiveRecord: 0.0ms | Allocations: 4777)


  
NoMethodError (undefined method `name' for #<Array:0x00007ff5c09cf460>):
  
app/controllers/tracks_controller.rb:6:in `block in search'
app/controllers/tracks_controller.rb:5:in `each'
app/controllers/tracks_controller.rb:5:in `search'
Started GET "/tracks/search?track=old%20town%20road" for ::1 at 2019-08-17 10:53:10 -0600
Processing by TracksController#search as */*
  Parameters: {"track"=>"old town road"}
Completed 500 Internal Server Error in 114ms (ActiveRecord: 0.0ms | Allocations: 4753)


  
NoMethodError (undefined method `options' for #<RSpotify::Track:0x00007ff5bf8eb900>):
  
app/controllers/tracks_controller.rb:6:in `block in search'
app/controllers/tracks_controller.rb:5:in `each'
app/controllers/tracks_controller.rb:5:in `search'
Started GET "/tracks/search?track=old%20town%20road" for ::1 at 2019-08-17 10:53:23 -0600
Processing by TracksController#search as */*
  Parameters: {"track"=>"old town road"}
Completed 500 Internal Server Error in 177ms (ActiveRecord: 0.0ms | Allocations: 48899)


  
NameError (undefined local variable or method `options' for #<TracksController:0x00007ff5bfd496c8>
Did you mean?  url_options):
  
app/controllers/tracks_controller.rb:6:in `block in search'
app/controllers/tracks_controller.rb:5:in `each'
app/controllers/tracks_controller.rb:5:in `search'
Started GET "/tracks/search?track=old%20town%20road" for ::1 at 2019-08-17 10:54:23 -0600
Processing by TracksController#search as */*
  Parameters: {"track"=>"old town road"}
[active_model_serializers] Rendered ActiveModel::Serializer::Null with Hash (7.81ms)
Completed 200 OK in 132ms (Views: 8.5ms | ActiveRecord: 0.0ms | Allocations: 20137)


Started GET "/tracks/search?track=old%20town%20road" for ::1 at 2019-08-17 10:55:52 -0600
Processing by TracksController#search as */*
  Parameters: {"track"=>"old town road"}
[active_model_serializers] Rendered ActiveModel::Serializer::Null with Hash (10.2ms)
Completed 200 OK in 109ms (Views: 10.8ms | ActiveRecord: 0.0ms | Allocations: 20430)


Started GET "/tracks/search?track=old%20town%20road" for ::1 at 2019-08-17 10:56:02 -0600
Processing by TracksController#search as */*
  Parameters: {"track"=>"old town road"}
[active_model_serializers] Rendered ActiveModel::Serializer::Null with Hash (13.47ms)
Completed 200 OK in 142ms (Views: 14.1ms | ActiveRecord: 0.0ms | Allocations: 20102)


Started GET "/tracks/search?track=old%20town%20road" for ::1 at 2019-08-17 10:57:37 -0600
Processing by TracksController#search as */*
  Parameters: {"track"=>"old town road"}
[active_model_serializers] Rendered ActiveModel::Serializer::Null with Hash (12.61ms)
Completed 200 OK in 293ms (Views: 13.2ms | ActiveRecord: 0.0ms | Allocations: 20201)


Started GET "/tracks/search?track=old%20town%20road" for ::1 at 2019-08-17 10:58:25 -0600
Processing by TracksController#search as */*
  Parameters: {"track"=>"old town road"}
[active_model_serializers] Rendered ActiveModel::Serializer::Null with Hash (12.66ms)
Completed 200 OK in 200ms (Views: 13.2ms | ActiveRecord: 0.0ms | Allocations: 20599)


Started GET "/tracks/search?track=old%20town%20road" for ::1 at 2019-08-17 10:58:44 -0600
Processing by TracksController#search as */*
  Parameters: {"track"=>"old town road"}
[active_model_serializers] Rendered ActiveModel::Serializer::Null with Hash (9.61ms)
Completed 200 OK in 87ms (Views: 10.1ms | ActiveRecord: 0.0ms | Allocations: 20558)


Started GET "/tracks/search?track=old%20town%20road" for ::1 at 2019-08-17 10:58:59 -0600
Processing by TracksController#search as */*
  Parameters: {"track"=>"old town road"}
Completed 500 Internal Server Error in 2241ms (ActiveRecord: 0.0ms | Allocations: 5001)


  
NoMethodError (undefined method `url' for #<Hash:0x00007ff5bff05020>):
  
app/controllers/tracks_controller.rb:8:in `block in search'
app/controllers/tracks_controller.rb:5:in `each'
app/controllers/tracks_controller.rb:5:in `search'
Started GET "/tracks/search?track=old%20town%20road" for ::1 at 2019-08-17 11:00:47 -0600
Processing by TracksController#search as */*
  Parameters: {"track"=>"old town road"}
[active_model_serializers] Rendered ActiveModel::Serializer::Null with Hash (7.04ms)
Completed 200 OK in 87ms (Views: 7.8ms | ActiveRecord: 0.0ms | Allocations: 20254)


Started GET "/tracks/search?track=old%20town%20road" for ::1 at 2019-08-17 11:00:59 -0600
Processing by TracksController#search as */*
  Parameters: {"track"=>"old town road"}
Completed 500 Internal Server Error in 82ms (ActiveRecord: 0.0ms | Allocations: 4656)


  
NoMethodError (undefined method `each' for #<RSpotify::Track:0x00007ff5c06bd6c8>):
  
app/controllers/tracks_controller.rb:5:in `search'
Started GET "/tracks/search?track=old%20town%20road" for ::1 at 2019-08-17 11:01:35 -0600
Processing by TracksController#search as */*
  Parameters: {"track"=>"old town road"}
[active_model_serializers] Rendered ActiveModel::Serializer::Null with Hash (14.96ms)
Completed 200 OK in 1127ms (Views: 16.0ms | ActiveRecord: 0.0ms | Allocations: 20491)


Started GET "/tracks/search?track=old%20town%20road" for ::1 at 2019-08-17 11:02:39 -0600
Processing by TracksController#search as */*
  Parameters: {"track"=>"old town road"}
[active_model_serializers] Rendered ActiveModel::Serializer::Null with Hash (8.01ms)
Completed 200 OK in 99ms (Views: 8.6ms | ActiveRecord: 0.0ms | Allocations: 20431)


Started GET "/tracks/search?track=old%20town%20road" for ::1 at 2019-08-17 11:02:55 -0600
Processing by TracksController#search as */*
  Parameters: {"track"=>"old town road"}
Completed 500 Internal Server Error in 162ms (ActiveRecord: 0.0ms | Allocations: 5213)


  
NoMethodError (undefined method `spotify' for #<Hash:0x00007ff5c06fab40>):
  
app/controllers/tracks_controller.rb:10:in `block in search'
app/controllers/tracks_controller.rb:5:in `each'
app/controllers/tracks_controller.rb:5:in `search'
Started GET "/tracks/search?track=old%20town%20road" for ::1 at 2019-08-17 11:03:20 -0600
Processing by TracksController#search as */*
  Parameters: {"track"=>"old town road"}
[active_model_serializers] Rendered ActiveModel::Serializer::Null with Hash (11.05ms)
Completed 200 OK in 112ms (Views: 14.1ms | ActiveRecord: 0.0ms | Allocations: 20826)


Started GET "/tracks/search?track=old%20town%20road" for ::1 at 2019-08-17 11:05:37 -0600
Processing by TracksController#search as */*
  Parameters: {"track"=>"old town road"}
[active_model_serializers] Rendered ActiveModel::Serializer::Null with Hash (9.71ms)
Completed 200 OK in 101ms (Views: 10.2ms | ActiveRecord: 0.0ms | Allocations: 20072)


Started GET "/tracks/search?track=old%20town%20road" for ::1 at 2019-08-17 11:05:58 -0600
Processing by TracksController#search as */*
  Parameters: {"track"=>"old town road"}
[active_model_serializers] Rendered ActiveModel::Serializer::Null with Hash (0.21ms)
Completed 200 OK in 75ms (Views: 0.7ms | ActiveRecord: 0.0ms | Allocations: 4550)


Started GET "/tracks/search?track=old%20town%20road" for ::1 at 2019-08-17 11:07:50 -0600
Processing by TracksController#search as */*
  Parameters: {"track"=>"old town road"}
[active_model_serializers] Rendered ActiveModel::Serializer::Null with Hash (0.7ms)
Completed 200 OK in 96ms (Views: 1.2ms | ActiveRecord: 0.0ms | Allocations: 5694)


Started GET "/tracks/search?track=old%20town%20road" for ::1 at 2019-08-17 11:08:06 -0600
Processing by TracksController#search as */*
  Parameters: {"track"=>"old town road"}
[active_model_serializers] Rendered ActiveModel::Serializer::Null with Hash (2.89ms)
Completed 200 OK in 91ms (Views: 3.4ms | ActiveRecord: 0.0ms | Allocations: 9571)


Started GET "/tracks/search?track=old%20town%20road" for ::1 at 2019-08-17 11:08:55 -0600
Processing by TracksController#search as */*
  Parameters: {"track"=>"old town road"}
Completed 500 Internal Server Error in 102ms (ActiveRecord: 0.0ms | Allocations: 4743)


  
NoMethodError (undefined method `name' for #<Array:0x00007ff5c29a0500>):
  
app/controllers/tracks_controller.rb:14:in `block in search'
app/controllers/tracks_controller.rb:5:in `each'
app/controllers/tracks_controller.rb:5:in `search'
Started GET "/tracks/search?track=old%20town%20road" for ::1 at 2019-08-17 11:09:19 -0600
Processing by TracksController#search as */*
  Parameters: {"track"=>"old town road"}
[active_model_serializers] Rendered ActiveModel::Serializer::Null with Hash (2.64ms)
Completed 200 OK in 193ms (Views: 3.1ms | ActiveRecord: 0.0ms | Allocations: 9991)


Started GET "/tracks/search?track=old%20town%20road" for ::1 at 2019-08-17 11:14:12 -0600
Processing by TracksController#search as */*
  Parameters: {"track"=>"old town road"}
[active_model_serializers] Rendered ActiveModel::Serializer::Null with Hash (4.54ms)
Completed 200 OK in 851ms (Views: 5.1ms | ActiveRecord: 0.0ms | Allocations: 36093)


Started GET "/tracks/search?track=together%20we%20are%20the%20same" for ::1 at 2019-08-17 11:19:03 -0600
Processing by TracksController#search as */*
  Parameters: {"track"=>"together we are the same"}
[active_model_serializers] Rendered ActiveModel::Serializer::Null with Hash (2.4ms)
Completed 200 OK in 673ms (Views: 2.9ms | ActiveRecord: 0.0ms | Allocations: 22083)


